[June 05, 2016, 00:07:40] [/MAKELEADER] Megan Winterfield has made Megan Winterfield the leader of group (the) LSPD(1)
[June 05, 2016, 01:18:31] [/AGIVEAWEAPON] Megan Winterfield has given Megan Winterfield a Camera(43) | Ammo: 99999
[June 05, 2016, 01:26:45] [/AGIVEAWEAPON] Megan Winterfield has given Megan Winterfield a Spray Can(41) | Ammo: 99999
[June 05, 2016, 07:12:36] [/SET] Megan Winterfield has modified Megan Winterfield's health to 0.
[June 05, 2016, 07:13:21] [/SPEC] Megan Winterfield has stopped spectating.
[June 05, 2016, 07:13:26] [/SET] Megan Winterfield has modified Megan Winterfield's skin to 9.
[June 05, 2016, 07:13:28] [/SET] Megan Winterfield has modified Megan Winterfield's skin to 93.
[June 05, 2016, 07:13:33] [/ADMIN] Executive Administrator Megan Winterfield: .
[June 05, 2016, 07:17:17] [/SET] Megan Winterfield has modified Megan Winterfield's health to 0.
[June 05, 2016, 07:18:52] [/SET] Megan Winterfield has modified Megan Winterfield's health to 0.
[June 05, 2016, 07:19:29] [/SET] Megan Winterfield has modified Megan Winterfield's health to 5.
[June 05, 2016, 07:21:58] [/SET] Megan Winterfield has modified Megan Winterfield's health to 0.
[June 05, 2016, 07:22:40] [/SET] Megan Winterfield has modified Megan Winterfield's health to 0.
[June 05, 2016, 07:25:14] [/SET] Megan Winterfield has modified Megan Winterfield's health to 0.
[June 05, 2016, 07:25:37] [/SPEC] Megan Winterfield has stopped spectating.
[June 05, 2016, 07:28:07] [/SET] Megan Winterfield has modified Megan Winterfield's health to 0.
[June 05, 2016, 08:17:40] [/SET] Megan Winterfield has modified Megan Winterfield's health to 0.
[June 05, 2016, 08:21:09] [/SET] Megan Winterfield has modified Megan Winterfield's health to 0.
[June 05, 2016, 08:21:31] [/REVIVE] Megan Winterfield has been released from the hopsital by Executive Administrator Megan Winterfield.
[June 05, 2016, 08:21:33] [/SET] Megan Winterfield has modified Megan Winterfield's health to 0.
[June 05, 2016, 08:21:45] [/SET] Megan Winterfield has modified Megan Winterfield's health to 3.
[June 09, 2016, 22:03:08] [/FREEZE] Megan Winterfield has frozen Megan Winterfield.
[June 09, 2016, 22:03:37] [/FREEZE] Megan Winterfield has frozen Megan Winterfield.
[June 09, 2016, 22:04:02] [/UNFREEZE] Megan Winterfield has unfrozen Megan Winterfield.
[June 10, 2016, 20:03:58] [/MAKELEADER] Jason has made Jason the leader of group (the) FBI(2)
